c:\users\galfi\desktop\mayaviewer_ud1447\debug\vc142.pdb
c:\users\galfi\desktop\mayaviewer_ud1447\debug\vc142.idb
c:\users\galfi\desktop\mayaviewer_ud1447\debug\mayaviewer.obj
f:\c++ projekt\3d_projekt_vw_ps_fg\ud1447 projekt\mayaviewer_ud1447\debug\vc142.pdb
f:\c++ projekt\3d_projekt_vw_ps_fg\ud1447 projekt\mayaviewer_ud1447\debug\vc142.idb
f:\c++ projekt\3d_projekt_vw_ps_fg\ud1447 projekt\mayaviewer_ud1447\debug\circularbuffer.obj
f:\c++ projekt\3d_projekt_vw_ps_fg\ud1447 projekt\mayaviewer_ud1447\debug\mayaviewer.obj
f:\c++ projekt\3d_projekt_vw_ps_fg\ud1447 projekt\mayaviewer_ud1447\debug\mutex.obj
f:\c++ projekt\3d_projekt_vw_ps_fg\ud1447 projekt\mayaviewer_ud1447\debug\memory.obj
f:\c++ projekt\3d_projekt_vw_ps_fg\ud1447 projekt\mayaviewer_ud1447\debug\circularbuffers.obj
c:\users\galfi\desktop\mayaviewer_ud1447\debug\mayaviewer.ilk
c:\users\galfi\desktop\mayaviewer_ud1447\debug\mayaviewer.exe
c:\users\galfi\desktop\mayaviewer_ud1447\debug\mayaviewer.pdb
f:\c++ projekt\3d_projekt_vw_ps_fg\ud1447 projekt\mayaviewer_ud1447\debug\mayaviewer.exe
f:\c++ projekt\3d_projekt_vw_ps_fg\ud1447 projekt\mayaviewer_ud1447\debug\mayaviewer.ilk
f:\c++ projekt\3d_projekt_vw_ps_fg\ud1447 projekt\mayaviewer_ud1447\debug\mayaviewer.pdb
c:\users\galfi\desktop\mayaviewer_ud1447\debug\mayaviewer.lib
c:\users\galfi\desktop\mayaviewer_ud1447\debug\mayaviewer.exp
f:\c++ projekt\3d_projekt_vw_ps_fg\ud1447 projekt\mayaviewer_ud1447\debug\mayaviewer.lib
f:\c++ projekt\3d_projekt_vw_ps_fg\ud1447 projekt\mayaviewer_ud1447\debug\mayaviewer.exp
f:\c++ projekt\3d_projekt_vw_ps_fg\ud1447 projekt\mayaviewer_ud1447\debug\vc141.idb
f:\c++ projekt\3d_projekt_vw_ps_fg\ud1447 projekt\mayaviewer_ud1447\debug\vc141.pdb
f:\c++ projekt\3d_projekt_vw_ps_fg\ud1447 projekt\mayaviewer_ud1447\debug\mayaviewer.tlog\cl.command.1.tlog
f:\c++ projekt\3d_projekt_vw_ps_fg\ud1447 projekt\mayaviewer_ud1447\debug\mayaviewer.tlog\cl.read.1.tlog
f:\c++ projekt\3d_projekt_vw_ps_fg\ud1447 projekt\mayaviewer_ud1447\debug\mayaviewer.tlog\cl.write.1.tlog
f:\c++ projekt\3d_projekt_vw_ps_fg\ud1447 projekt\mayaviewer_ud1447\debug\mayaviewer.tlog\link.command.1.tlog
f:\c++ projekt\3d_projekt_vw_ps_fg\ud1447 projekt\mayaviewer_ud1447\debug\mayaviewer.tlog\link.delete.1.tlog
f:\c++ projekt\3d_projekt_vw_ps_fg\ud1447 projekt\mayaviewer_ud1447\debug\mayaviewer.tlog\link.read.1.tlog
f:\c++ projekt\3d_projekt_vw_ps_fg\ud1447 projekt\mayaviewer_ud1447\debug\mayaviewer.tlog\link.write.1.tlog
f:\c++ projekt\3d_projekt_vw_ps_fg\ud1447 projekt\mayaviewer_ud1447\debug\mayaviewer.tlog\mayaviewer.write.1u.tlog
